<?xml version="1.0" encoding="UTF-8"?>
<!-- Generated by org.testng.reporters.JUnitReportReporter -->
<testsuite hostname="Aadityas-MacBook-Air.local" failures="0" tests="2" name="webatuomate.shishir" time="10.665" errors="0" timestamp="2024-12-01T01:13:52 IST" skipped="0">
  <testcase classname="webatuomate.shishir" name="hello4" time="8.383"/>
  <system-out/>
  <testcase classname="webatuomate.shishir" name="hello5" time="2.282"/>
  <system-out/>
</testsuite> <!-- webatuomate.shishir -->
