<?xml version="1.0" encoding="UTF-8"?>
<!-- Generated by org.testng.reporters.JUnitReportReporter -->
<testsuite hostname="192.168.1.3" failures="0" tests="1" name="webatuomate.ScreenshotCapture" time="8.114" errors="0" timestamp="2025-02-23T14:41:17 IST" skipped="0">
  <testcase classname="webatuomate.ScreenshotCapture" name="program2" time="8.114"/>
  <system-out/>
</testsuite> <!-- webatuomate.ScreenshotCapture -->
