<?xml version="1.0" encoding="UTF-8"?>
<!-- Generated by org.testng.reporters.JUnitReportReporter -->
<testsuite hostname="Aadityas-MacBook-Air.local" failures="0" tests="2" name="webatuomate.Script" time="17.227" errors="0" timestamp="2024-12-01T01:16:39 IST" skipped="0">
  <testcase classname="webatuomate.Script" name="hello" time="8.423"/>
  <system-out/>
  <testcase classname="webatuomate.Script" name="hello2" time="8.804"/>
  <system-out/>
</testsuite> <!-- webatuomate.Script -->
